INFO: [VRFC 10-2263] Analyzing Verilog file "C:/Users/Asus/Downloads/IRP-SOC-main/IRP-SOC-main/ET1035_PJT_sim/ET1035_pjt.gen/sources_1/ip/clk_wiz_0/clk_wiz_0_clk_wiz.v" into library xil_defaultlib
INFO: [VRFC 10-311] analyzing module clk_wiz_0_clk_wiz
INFO: [VRFC 10-2263] Analyzing Verilog file "C:/Users/Asus/Downloads/IRP-SOC-main/IRP-SOC-main/ET1035_PJT_sim/ET1035_pjt.gen/sources_1/ip/clk_wiz_0/clk_wiz_0.v" into library xil_defaultlib
INFO: [VRFC 10-311] analyzing module clk_wiz_0
INFO: [VRFC 10-2263] Analyzing Verilog file "C:/Users/Asus/Downloads/IRP-SOC-main/IRP-SOC-main/ET1035_PJT_sim/ET1035_pjt.gen/sources_1/ip/block_mem_1/sim/block_mem_1.v" into library xil_defaultlib
INFO: [VRFC 10-311] analyzing module block_mem_1
INFO: [VRFC 10-2263] Analyzing Verilog file "C:/Users/Asus/Downloads/IRP-SOC-main/IRP-SOC-main/Design/ET1035_SRC/PROCESSOR/ET1035_top.v" into library xil_defaultlib
INFO: [VRFC 10-311] analyzing module ET1035_decode_alu
INFO: [VRFC 10-311] analyzing module ET1035_mem_wb
INFO: [VRFC 10-311] analyzing module ET1035_mul_div
INFO: [VRFC 10-311] analyzing module ET1035_pc_gen
INFO: [VRFC 10-311] analyzing module ET1035_regfile
INFO: [VRFC 10-311] analyzing module ET1035_top
INFO: [VRFC 10-2263] Analyzing Verilog file "C:/Users/Asus/Downloads/IRP-SOC-main/IRP-SOC-main/Design/ET1035_SRC/GPIO/gpio_chip.v" into library xil_defaultlib
INFO: [VRFC 10-311] analyzing module gpio_chip
INFO: [VRFC 10-2263] Analyzing Verilog file "C:/Users/Asus/Downloads/IRP-SOC-main/IRP-SOC-main/Design/ET1035_SRC/I2C/i2c_controller.v" into library xil_defaultlib
INFO: [VRFC 10-311] analyzing module i2c_controller
INFO: [VRFC 10-2263] Analyzing Verilog file "C:/Users/Asus/Downloads/IRP-SOC-main/IRP-SOC-main/Design/ET1035_SRC/I2C/i2c_master.v" into library xil_defaultlib
INFO: [VRFC 10-311] analyzing module i2c_master
INFO: [VRFC 10-2263] Analyzing Verilog file "C:/Users/Asus/Downloads/IRP-SOC-main/IRP-SOC-main/Design/ET1035_SRC/I2C/i2c_top.v" into library xil_defaultlib
INFO: [VRFC 10-311] analyzing module i2c_top
INFO: [VRFC 10-2263] Analyzing Verilog file "C:/Users/Asus/Downloads/IRP-SOC-main/IRP-SOC-main/Design/ET1035_SRC/PWM/pwm.v" into library xil_defaultlib
INFO: [VRFC 10-311] analyzing module pwm
INFO: [VRFC 10-2263] Analyzing Verilog file "C:/Users/Asus/Downloads/IRP-SOC-main/IRP-SOC-main/Design/ET1035_SRC/SPI/spi_controller.v" into library xil_defaultlib
INFO: [VRFC 10-311] analyzing module spi_controller
WARNING: [VRFC 10-3380] identifier 'divisor' is used before its declaration [C:/Users/Asus/Downloads/IRP-SOC-main/IRP-SOC-main/Design/ET1035_SRC/SPI/spi_controller.v:45]
INFO: [VRFC 10-2263] Analyzing Verilog file "C:/Users/Asus/Downloads/IRP-SOC-main/IRP-SOC-main/Design/ET1035_SRC/SPI/spi_master.v" into library xil_defaultlib
INFO: [VRFC 10-311] analyzing module spi_master
INFO: [VRFC 10-2263] Analyzing Verilog file "C:/Users/Asus/Downloads/IRP-SOC-main/IRP-SOC-main/Design/ET1035_SRC/SPI/spi_top.v" into library xil_defaultlib
INFO: [VRFC 10-311] analyzing module spi_top
INFO: [VRFC 10-2263] Analyzing Verilog file "C:/Users/Asus/Downloads/IRP-SOC-main/IRP-SOC-main/Design/ET1035_SRC/UART/uart_top.v" into library xil_defaultlib
INFO: [VRFC 10-311] analyzing module baud_gen
INFO: [VRFC 10-311] analyzing module fifo_11_64
INFO: [VRFC 10-311] analyzing module fifo_8_64
INFO: [VRFC 10-311] analyzing module interrupt
INFO: [VRFC 10-311] analyzing module memory_64_11
INFO: [VRFC 10-311] analyzing module memory_64_8
INFO: [VRFC 10-311] analyzing module receiver
INFO: [VRFC 10-311] analyzing module registers
INFO: [VRFC 10-311] analyzing module transmitter
INFO: [VRFC 10-311] analyzing module uart_top
INFO: [VRFC 10-2263] Analyzing Verilog file "C:/Users/Asus/Downloads/IRP-SOC-main/IRP-SOC-main/Design/ET1035_PJT_V1/ET1035_pjt.sim/sim_1/behav/xsim/glbl.v" into library xil_defaultlib
INFO: [VRFC 10-311] analyzing module glbl
INFO: [VRFC 10-163] Analyzing VHDL file "C:/Users/Asus/Downloads/IRP-SOC-main/IRP-SOC-main/Design/ET1035_SRC/MEMORY/ROM/ROM_THEJAS32.vhd" into library xil_defaultlib
INFO: [VRFC 10-3107] analyzing entity 'ROM_THEJAS32'
INFO: [VRFC 10-163] Analyzing VHDL file "C:/Users/Asus/Downloads/IRP-SOC-main/IRP-SOC-main/Design/ET1035_SRC/GEN_FILES/SDN_INV_S_16.vhd" into library xil_defaultlib
INFO: [VRFC 10-3107] analyzing entity 'SDN_INV_S_16'
INFO: [VRFC 10-163] Analyzing VHDL file "C:/Users/Asus/Downloads/IRP-SOC-main/IRP-SOC-main/Design/ET1035_SRC/GEN_FILES/constants.vhd" into library xil_defaultlib
INFO: [VRFC 10-163] Analyzing VHDL file "C:/Users/Asus/Downloads/IRP-SOC-main/IRP-SOC-main/Design/ET1035_SRC/MEMORY/ROM/mem_0.vhd" into library xil_defaultlib
INFO: [VRFC 10-3107] analyzing entity 'mem_0'
INFO: [VRFC 10-163] Analyzing VHDL file "C:/Users/Asus/Downloads/IRP-SOC-main/IRP-SOC-main/Design/ET1035_SRC/MEMORY/RAM/mem_1.vhd" into library xil_defaultlib
INFO: [VRFC 10-3107] analyzing entity 'mem_1'
INFO: [VRFC 10-163] Analyzing VHDL file "C:/Users/Asus/Downloads/IRP-SOC-main/IRP-SOC-main/Design/ET1035_SRC/TOP/sys_top.vhd" into library xil_defaultlib
INFO: [VRFC 10-3107] analyzing entity 'sys_top'
